2024-05-14 14:42:19,361 [INFO] Activator:177 - 


2024-05-14 14:42:19,361 [INFO] Activator:178 - !SESSION log4j initialized
2024-05-14 14:46:56,005 [INFO] Activator:177 - 


2024-05-14 14:46:56,006 [INFO] Activator:178 - !SESSION log4j initialized
2024-05-28 14:51:18,662 [INFO] Activator:176 - 


2024-05-28 14:51:18,664 [INFO] Activator:177 - !SESSION log4j initialized
2024-05-28 14:51:21,467 [INFO] LogOutputStream:77 - [STDOUT_REDIRECT] 
2024-05-28 14:51:23,114 [INFO] ApplicationProperties:184 - Using Application install path: C:\ST\STM32CubeIDE_1.14.1\STM32CubeIDE\plugins\com.st.stm32cube.common.mx_6.10.0.202311202037
2024-05-28 14:51:23,134 [INFO] DbMcusXml:78 - Set database path to: C:\ST\STM32CubeIDE_1.14.1\STM32CubeIDE\plugins\com.st.stm32cube.common.mx_6.10.0.202311202037\\db\/mcu/
2024-05-28 14:51:23,134 [INFO] ApiDb:274 - Set plugin database path to: C:\ST\STM32CubeIDE_1.14.1\STM32CubeIDE\plugins\com.st.stm32cube.common.mx_6.10.0.202311202037\\db\/plugins/boardmanager/
2024-05-28 14:51:23,134 [WARN] ApiDb:259 - Overriding images path with different value:  => C:\ST\STM32CubeIDE_1.14.1\STM32CubeIDE\plugins\com.st.stm32cube.common.mx_6.10.0.202311202037\\db\/plugins/mcufinder/images/
2024-05-28 14:51:23,141 [INFO] ApiDb:250 - Set database path to: C:\Users\NguyenTienLuan\.stmcufinder\plugins\mcufinder//mcu/
2024-05-28 14:51:23,142 [INFO] DbMcusAds:125 - Set database path to: C:\Users\NguyenTienLuan\.stmcufinder\plugins\mcufinder//mcu/
2024-05-28 14:51:23,145 [INFO] CrossReferenceDbSqlite:203 - Set database path to: C:\Users\NguyenTienLuan\.stmcufinder\plugins\mcufinder//mcu/cs/
2024-05-28 14:51:23,257 [INFO] RulesReader:64 - Compatibility file has been processed (297 Rules)
2024-05-28 14:51:23,323 [INFO] DbMcusXml:78 - Set database path to: C:\ST\STM32CubeIDE_1.14.1\STM32CubeIDE\plugins\com.st.stm32cube.common.mx_6.10.0.202311202037\\db\/mcu/
2024-05-28 14:51:23,323 [INFO] ApiDb:274 - Set plugin database path to: C:\ST\STM32CubeIDE_1.14.1\STM32CubeIDE\plugins\com.st.stm32cube.common.mx_6.10.0.202311202037\\db\/plugins/boardmanager/
2024-05-28 14:51:23,323 [INFO] ApiDb:261 - Set plugin images path to: C:\ST\STM32CubeIDE_1.14.1\STM32CubeIDE\plugins\com.st.stm32cube.common.mx_6.10.0.202311202037\\db\/plugins/mcufinder/images/
2024-05-28 14:51:23,324 [WARN] DbFile:41 - Overriding database path with different value: C:\Users\NguyenTienLuan\.stmcufinder\plugins\mcufinder/ => C:\Users\NguyenTienLuan\.stmcufinder\plugins\mcufinder
2024-05-28 14:51:23,324 [INFO] ApiDb:250 - Set database path to: C:\Users\NguyenTienLuan\.stmcufinder\plugins\mcufinder//mcu/
2024-05-28 14:51:23,324 [WARN] DbFile:41 - Overriding database path with different value: C:\Users\NguyenTienLuan\.stmcufinder\plugins\mcufinder/ => C:\Users\NguyenTienLuan\.stmcufinder\plugins\mcufinder
2024-05-28 14:51:23,324 [INFO] DbMcusAds:125 - Set database path to: C:\Users\NguyenTienLuan\.stmcufinder\plugins\mcufinder//mcu/
2024-05-28 14:51:23,324 [WARN] DbFile:41 - Overriding database path with different value: C:\Users\NguyenTienLuan\.stmcufinder\plugins\mcufinder/ => C:\Users\NguyenTienLuan\.stmcufinder\plugins\mcufinder
2024-05-28 14:51:23,324 [WARN] DbFile:41 - Overriding database path with different value: C:\Users\NguyenTienLuan\.stmcufinder\plugins\mcufinder/ => C:\Users\NguyenTienLuan\.stmcufinder\plugins\mcufinder
2024-05-28 14:51:23,324 [INFO] CrossReferenceDbSqlite:203 - Set database path to: C:\Users\NguyenTienLuan\.stmcufinder\plugins\mcufinder//mcu/cs/
2024-05-28 14:51:23,384 [INFO] MainPanel:264 - HeapMemory: 268435456
2024-05-28 14:51:23,432 [INFO] DbMcusXml:78 - Set database path to: C:\ST\STM32CubeIDE_1.14.1\STM32CubeIDE\plugins\com.st.stm32cube.common.mx_6.10.0.202311202037\\db\/mcu/
2024-05-28 14:51:23,432 [INFO] ApiDb:274 - Set plugin database path to: C:\ST\STM32CubeIDE_1.14.1\STM32CubeIDE\plugins\com.st.stm32cube.common.mx_6.10.0.202311202037\\db\/plugins/boardmanager/
2024-05-28 14:51:23,432 [INFO] ApiDb:261 - Set plugin images path to: C:\ST\STM32CubeIDE_1.14.1\STM32CubeIDE\plugins\com.st.stm32cube.common.mx_6.10.0.202311202037\\db\/plugins/mcufinder/images/
2024-05-28 14:51:23,433 [WARN] DbFile:41 - Overriding database path with different value: C:\Users\NguyenTienLuan\.stmcufinder\plugins\mcufinder/ => C:\Users\NguyenTienLuan\.stmcufinder\plugins\mcufinder
2024-05-28 14:51:23,433 [INFO] ApiDb:250 - Set database path to: C:\Users\NguyenTienLuan\.stmcufinder\plugins\mcufinder//mcu/
2024-05-28 14:51:23,433 [WARN] DbFile:41 - Overriding database path with different value: C:\Users\NguyenTienLuan\.stmcufinder\plugins\mcufinder/ => C:\Users\NguyenTienLuan\.stmcufinder\plugins\mcufinder
2024-05-28 14:51:23,433 [INFO] DbMcusAds:125 - Set database path to: C:\Users\NguyenTienLuan\.stmcufinder\plugins\mcufinder//mcu/
2024-05-28 14:51:23,433 [WARN] DbFile:41 - Overriding database path with different value: C:\Users\NguyenTienLuan\.stmcufinder\plugins\mcufinder/ => C:\Users\NguyenTienLuan\.stmcufinder\plugins\mcufinder
2024-05-28 14:51:23,433 [WARN] DbFile:41 - Overriding database path with different value: C:\Users\NguyenTienLuan\.stmcufinder\plugins\mcufinder/ => C:\Users\NguyenTienLuan\.stmcufinder\plugins\mcufinder
2024-05-28 14:51:23,433 [INFO] CrossReferenceDbSqlite:203 - Set database path to: C:\Users\NguyenTienLuan\.stmcufinder\plugins\mcufinder//mcu/cs/
2024-05-28 14:51:23,445 [INFO] ApplicationProperties:184 - Using Application install path: C:\ST\STM32CubeIDE_1.14.1\STM32CubeIDE\plugins\com.st.stm32cube.common.mx_6.10.0.202311202037
2024-05-28 14:51:23,446 [INFO] PluginManage:196 - Search for loadable plugins [exclusion list=, ]
2024-05-28 14:51:23,447 [INFO] PluginManage:310 - Check plugin analytics
2024-05-28 14:51:23,574 [INFO] AnalyticsPlugin:253 - Accepted Software Licenses: 
2024-05-28 14:51:23,574 [INFO] AnalyticsPlugin:255 - Accepted CMSIS Pack Licenses: 
2024-05-28 14:51:23,574 [INFO] AnalyticsPlugin:257 - Accepted Firmware Licenses: 
2024-05-28 14:51:23,576 [INFO] PluginManage:359 - Loaded plugin analytics (category:tool,tabindex:-1)
2024-05-28 14:51:23,577 [INFO] PluginManage:310 - Check plugin cadmodel
2024-05-28 14:51:23,580 [INFO] CADModel:105 - Init CAD model plugin
2024-05-28 14:51:23,580 [INFO] PluginManage:359 - Loaded plugin cadmodel (category:power,tabindex:5)
2024-05-28 14:51:23,580 [INFO] PluginManage:310 - Check plugin clock
2024-05-28 14:51:23,588 [INFO] PluginManage:359 - Loaded plugin clock (category:base,tabindex:2)
2024-05-28 14:51:23,588 [INFO] PluginManage:310 - Check plugin ddr
2024-05-28 14:51:23,590 [INFO] PluginManage:359 - Loaded plugin ddr (category:tool,tabindex:6)
2024-05-28 14:51:23,590 [INFO] PluginManage:310 - Check plugin filemanager
2024-05-28 14:51:23,701 [INFO] PluginManage:359 - Loaded plugin filemanager (category:base,tabindex:10)
2024-05-28 14:51:23,702 [INFO] PluginManage:310 - Check plugin ipmanager
2024-05-28 14:51:23,706 [INFO] PluginManage:359 - Loaded plugin ipmanager (category:base,tabindex:5)
2024-05-28 14:51:23,707 [INFO] PluginManage:310 - Check plugin lpbam
2024-05-28 14:51:23,713 [INFO] PluginManage:359 - Loaded plugin lpbam (category:base,tabindex:0)
2024-05-28 14:51:23,713 [INFO] PluginManage:310 - Check plugin memorymap
2024-05-28 14:51:23,720 [INFO] PluginManage:359 - Loaded plugin memorymap (category:base,tabindex:4)
2024-05-28 14:51:23,721 [INFO] PluginManage:310 - Check plugin pinoutandconfiguration
2024-05-28 14:51:23,725 [INFO] PluginManage:359 - Loaded plugin pinoutandconfiguration (category:base,tabindex:1)
2024-05-28 14:51:23,725 [INFO] PluginManage:310 - Check plugin pinoutconfig
2024-05-28 14:51:23,804 [WARN] SupportedApi:132 - Cannot load RTOS API schema: s4s-elt-must-match.1: The content of 'definitions' must match (annotation?, (simpleType | complexType)?, (unique | key | keyref)*)). A problem was found starting at: attribute.
2024-05-28 14:51:23,892 [INFO] PluginManage:359 - Loaded plugin pinoutconfig (category:base,tabindex:0)
2024-05-28 14:51:23,892 [INFO] PluginManage:310 - Check plugin power
2024-05-28 14:51:23,899 [INFO] PluginManage:359 - Loaded plugin power (category:power,tabindex:4)
2024-05-28 14:51:23,900 [INFO] PluginManage:310 - Check plugin projectmanager
2024-05-28 14:51:23,911 [INFO] PluginManage:359 - Loaded plugin projectmanager (category:projectmanager,tabindex:3)
2024-05-28 14:51:23,911 [INFO] PluginManage:310 - Check plugin thirdparty
2024-05-28 14:51:23,998 [INFO] PluginManage:359 - Loaded plugin thirdparty (category:base,tabindex:-1)
2024-05-28 14:51:23,998 [INFO] PluginManage:310 - Check plugin tools
2024-05-28 14:51:23,998 [WARN] IntegrityCheckThread:84 - waiting for thirdparty lock release [integrity check]
2024-05-28 14:51:23,998 [INFO] IntegrityCheckThread:86 - entering critical section [integrity check]
2024-05-28 14:51:23,998 [INFO] ThirdPartyUpdaterWithRetryManager:70 - Updater plugin not ready yet. [1/15]
2024-05-28 14:51:24,000 [INFO] PluginManage:359 - Loaded plugin tools (category:base,tabindex:7)
2024-05-28 14:51:24,000 [INFO] PluginManage:310 - Check plugin tutovideos
2024-05-28 14:51:24,115 [INFO] PluginManage:359 - Loaded plugin tutovideos (category:base,tabindex:-1)
2024-05-28 14:51:24,115 [INFO] PluginManage:310 - Check plugin updater
2024-05-28 14:51:24,122 [INFO] PluginManage:359 - Loaded plugin updater (category:base,tabindex:12)
2024-05-28 14:51:24,122 [INFO] PluginManage:310 - Check plugin userauth
2024-05-28 14:51:24,126 [INFO] UserAuth:114 - Init User Auth plugin
2024-05-28 14:51:24,126 [INFO] PluginManage:359 - Loaded plugin userauth (category:base,tabindex:14)
2024-05-28 14:51:24,126 [INFO] PluginManage:283 - PluginManage : Loaded plugins [17]
2024-05-28 14:51:24,318 [INFO] PinOutPanel:1499 - setPackage(No Configuration,No Configuration)
2024-05-28 14:51:24,381 [INFO] CADModel:165 - CPN selected for project level
2024-05-28 14:51:24,382 [INFO] CADModel:114 - Register for checkConnection events
2024-05-28 14:51:24,400 [INFO] IPUIPlugin:80 - create IPUIPlugin
2024-05-28 14:51:24,401 [INFO] PluginManager:220 - loadIPPluginJar : add adc
2024-05-28 14:51:24,404 [INFO] IPUIPlugin:80 - create IPUIPlugin
2024-05-28 14:51:24,404 [INFO] PluginManager:220 - loadIPPluginJar : add aes
2024-05-28 14:51:24,407 [INFO] IPUIPlugin:80 - create IPUIPlugin
2024-05-28 14:51:24,407 [INFO] PluginManager:220 - loadIPPluginJar : add can
2024-05-28 14:51:24,409 [INFO] IPUIPlugin:80 - create IPUIPlugin
2024-05-28 14:51:24,410 [INFO] PluginManager:220 - loadIPPluginJar : add comp
2024-05-28 14:51:24,414 [INFO] IPUIPlugin:80 - create IPUIPlugin
2024-05-28 14:51:24,414 [INFO] PluginManager:220 - loadIPPluginJar : add cryp
2024-05-28 14:51:24,417 [INFO] IPUIPlugin:80 - create IPUIPlugin
2024-05-28 14:51:24,417 [INFO] PluginManager:220 - loadIPPluginJar : add dfsdm
2024-05-28 14:51:24,424 [INFO] IPUIPlugin:80 - create IPUIPlugin
2024-05-28 14:51:24,424 [INFO] PluginManager:220 - loadIPPluginJar : add dma
2024-05-28 14:51:24,428 [INFO] IPUIPlugin:80 - create IPUIPlugin
2024-05-28 14:51:24,428 [INFO] PluginManager:220 - loadIPPluginJar : add dma3
2024-05-28 14:51:24,430 [INFO] IPUIPlugin:80 - create IPUIPlugin
2024-05-28 14:51:24,430 [INFO] PluginManager:220 - loadIPPluginJar : add fatfs
2024-05-28 14:51:24,434 [INFO] IPUIPlugin:80 - create IPUIPlugin
2024-05-28 14:51:24,434 [INFO] PluginManager:220 - loadIPPluginJar : add fmc
2024-05-28 14:51:24,441 [INFO] IPUIPlugin:80 - create IPUIPlugin
2024-05-28 14:51:24,442 [INFO] PluginManager:220 - loadIPPluginJar : add freertos
2024-05-28 14:51:24,444 [INFO] IPUIPlugin:80 - create IPUIPlugin
2024-05-28 14:51:24,444 [INFO] PluginManager:220 - loadIPPluginJar : add genericplugin
2024-05-28 14:51:24,447 [INFO] IPUIPlugin:80 - create IPUIPlugin
2024-05-28 14:51:24,447 [INFO] PluginManager:220 - loadIPPluginJar : add gfxmmu
2024-05-28 14:51:24,453 [INFO] IPUIPlugin:80 - create IPUIPlugin
2024-05-28 14:51:24,453 [INFO] PluginManager:220 - loadIPPluginJar : add gic
2024-05-28 14:51:24,457 [INFO] IPUIPlugin:80 - create IPUIPlugin
2024-05-28 14:51:24,457 [INFO] PluginManager:220 - loadIPPluginJar : add gpio
2024-05-28 14:51:24,460 [INFO] IPUIPlugin:80 - create IPUIPlugin
2024-05-28 14:51:24,461 [INFO] PluginManager:220 - loadIPPluginJar : add gtzc
2024-05-28 14:51:24,464 [INFO] IPUIPlugin:80 - create IPUIPlugin
2024-05-28 14:51:24,464 [INFO] PluginManager:220 - loadIPPluginJar : add hash
2024-05-28 14:51:24,467 [INFO] IPUIPlugin:80 - create IPUIPlugin
2024-05-28 14:51:24,467 [INFO] PluginManager:220 - loadIPPluginJar : add i2c
2024-05-28 14:51:24,469 [INFO] IPUIPlugin:80 - create IPUIPlugin
2024-05-28 14:51:24,469 [INFO] PluginManager:220 - loadIPPluginJar : add i2s
2024-05-28 14:51:24,471 [INFO] IPUIPlugin:80 - create IPUIPlugin
2024-05-28 14:51:24,471 [INFO] PluginManager:220 - loadIPPluginJar : add i3c
2024-05-28 14:51:24,474 [INFO] IPUIPlugin:80 - create IPUIPlugin
2024-05-28 14:51:24,474 [INFO] PluginManager:220 - loadIPPluginJar : add ipddr
2024-05-28 14:51:24,481 [INFO] IPUIPlugin:80 - create IPUIPlugin
2024-05-28 14:51:24,481 [INFO] PluginManager:220 - loadIPPluginJar : add linkedlist
2024-05-28 14:51:24,483 [INFO] IPUIPlugin:80 - create IPUIPlugin
2024-05-28 14:51:24,483 [INFO] PluginManager:220 - loadIPPluginJar : add lorawan
2024-05-28 14:51:24,484 [INFO] IPUIPlugin:80 - create IPUIPlugin
2024-05-28 14:51:24,484 [INFO] PluginManager:220 - loadIPPluginJar : add ltdc
2024-05-28 14:51:24,489 [INFO] IPUIPlugin:80 - create IPUIPlugin
2024-05-28 14:51:24,489 [INFO] PluginManager:220 - loadIPPluginJar : add mdma
2024-05-28 14:51:24,493 [INFO] IPUIPlugin:80 - create IPUIPlugin
2024-05-28 14:51:24,494 [INFO] PluginManager:220 - loadIPPluginJar : add nvic
2024-05-28 14:51:24,497 [INFO] IPUIPlugin:80 - create IPUIPlugin
2024-05-28 14:51:24,497 [INFO] PluginManager:220 - loadIPPluginJar : add opamp
2024-05-28 14:51:24,500 [INFO] IPUIPlugin:80 - create IPUIPlugin
2024-05-28 14:51:24,500 [INFO] PluginManager:220 - loadIPPluginJar : add openamp
2024-05-28 14:51:24,502 [INFO] IPUIPlugin:80 - create IPUIPlugin
2024-05-28 14:51:24,502 [INFO] PluginManager:220 - loadIPPluginJar : add pdm2pcm
2024-05-28 14:51:24,507 [INFO] IPUIPlugin:80 - create IPUIPlugin
2024-05-28 14:51:24,509 [INFO] PluginManager:220 - loadIPPluginJar : add plateformsettings
2024-05-28 14:51:24,511 [INFO] IPUIPlugin:80 - create IPUIPlugin
2024-05-28 14:51:24,511 [INFO] PluginManager:220 - loadIPPluginJar : add quadspi
2024-05-28 14:51:24,513 [INFO] IPUIPlugin:80 - create IPUIPlugin
2024-05-28 14:51:24,513 [INFO] PluginManager:220 - loadIPPluginJar : add resmgrutility
2024-05-28 14:51:24,515 [INFO] IPUIPlugin:80 - create IPUIPlugin
2024-05-28 14:51:24,515 [INFO] PluginManager:220 - loadIPPluginJar : add sai
2024-05-28 14:51:24,516 [INFO] IPUIPlugin:80 - create IPUIPlugin
2024-05-28 14:51:24,516 [INFO] PluginManager:220 - loadIPPluginJar : add spi
2024-05-28 14:51:24,519 [INFO] IPUIPlugin:80 - create IPUIPlugin
2024-05-28 14:51:24,520 [INFO] PluginManager:220 - loadIPPluginJar : add stm32_wpan
2024-05-28 14:51:24,521 [INFO] IPUIPlugin:80 - create IPUIPlugin
2024-05-28 14:51:24,521 [INFO] PluginManager:220 - loadIPPluginJar : add tim
2024-05-28 14:51:24,523 [INFO] IPUIPlugin:80 - create IPUIPlugin
2024-05-28 14:51:24,523 [INFO] PluginManager:220 - loadIPPluginJar : add touchsensing
2024-05-28 14:51:24,524 [INFO] IPUIPlugin:80 - create IPUIPlugin
2024-05-28 14:51:24,524 [INFO] PluginManager:220 - loadIPPluginJar : add tracer_emb
2024-05-28 14:51:24,525 [INFO] IPUIPlugin:80 - create IPUIPlugin
2024-05-28 14:51:24,525 [INFO] PluginManager:220 - loadIPPluginJar : add ts
2024-05-28 14:51:24,526 [INFO] IPUIPlugin:80 - create IPUIPlugin
2024-05-28 14:51:24,526 [INFO] PluginManager:220 - loadIPPluginJar : add tsc
2024-05-28 14:51:24,528 [INFO] IPUIPlugin:80 - create IPUIPlugin
2024-05-28 14:51:24,528 [INFO] PluginManager:220 - loadIPPluginJar : add ucpd
2024-05-28 14:51:24,531 [INFO] IPUIPlugin:80 - create IPUIPlugin
2024-05-28 14:51:24,531 [INFO] PluginManager:220 - loadIPPluginJar : add usart
2024-05-28 14:51:24,533 [INFO] IPUIPlugin:80 - create IPUIPlugin
2024-05-28 14:51:24,533 [INFO] PluginManager:220 - loadIPPluginJar : add usbx
2024-05-28 14:51:24,646 [INFO] CADModel:165 - CPN selected for project level
2024-05-28 14:51:24,646 [INFO] CADModel:114 - Register for checkConnection events
2024-05-28 14:51:24,646 [FATAL] Updater:308 - Updater called before beeing initialized
2024-05-28 14:51:24,647 [ERROR] CADModel:125 - Updater not yet initialized, retry later 
2024-05-28 14:51:24,755 [INFO] CADModel:165 - CPN selected for project level
2024-05-28 14:51:24,755 [INFO] CADModel:114 - Register for checkConnection events
2024-05-28 14:51:24,755 [FATAL] Updater:308 - Updater called before beeing initialized
2024-05-28 14:51:24,756 [ERROR] CADModel:125 - Updater not yet initialized, retry later 
2024-05-28 14:51:24,758 [FATAL] Updater:308 - Updater called before beeing initialized
2024-05-28 14:51:24,831 [FATAL] Updater:308 - Updater called before beeing initialized
2024-05-28 14:51:24,834 [INFO] DbMcusAds:53 - JSON generation date=Thu May 16 16:22:00 ICT 2024 (1715851320852)
2024-05-28 14:51:24,834 [FATAL] Updater:308 - Updater called before beeing initialized
2024-05-28 14:51:24,859 [WARN] DetailPanel:346 - Failed to get advertising image, set to default
2024-05-28 14:51:24,926 [FATAL] Updater:308 - Updater called before beeing initialized
2024-05-28 14:51:24,927 [FATAL] Updater:308 - Updater called before beeing initialized
2024-05-28 14:51:24,928 [FATAL] Updater:308 - Updater called before beeing initialized
2024-05-28 14:51:24,928 [WARN] DetailPanel:346 - Failed to get advertising image, set to default
2024-05-28 14:51:24,928 [FATAL] Updater:308 - Updater called before beeing initialized
2024-05-28 14:51:24,968 [ERROR] Updater:1120 - MainUpdater not yet initialized. External WinMGr cannot be set.
2024-05-28 14:51:24,970 [INFO] Updater:1056 - Updater Version found : 6.10.0
2024-05-28 14:51:24,984 [INFO] ApplicationProperties:184 - Using Application install path: C:\ST\STM32CubeIDE_1.14.1\STM32CubeIDE\plugins\com.st.stm32cube.common.mx_6.10.0.202311202037
2024-05-28 14:51:26,561 [ERROR] LogOutputStream:75 - [STDERR_REDIRECT] May 28, 2024 2:51:26 PM java.util.prefs.WindowsPreferences <init>
2024-05-28 14:51:26,561 [ERROR] LogOutputStream:75 - [STDERR_REDIRECT] WARNING: Could not open/create prefs root node Software\JavaSoft\Prefs at root 0xffffffff80000002. Windows RegCreateKeyEx(...) returned error code 5.
2024-05-28 14:51:26,561 [ERROR] LogOutputStream:75 - [STDERR_REDIRECT] 
2024-05-28 14:51:26,925 [INFO] MainUpdater:2873 - connection check result : 10
2024-05-28 14:51:26,925 [INFO] MainUpdater:290 - Updater Check For Update Now.
2024-05-28 14:51:26,925 [INFO] MicroXplorer:498 - Change Database Version : DB.6.0.100
2024-05-28 14:51:26,925 [INFO] McuFinderGlobals:63 - Set McuFinder mode to 2 (CubeIDE integrated)
2024-05-28 14:51:26,936 [INFO] UserAuth:404 - Internet connection configuration mode: 1
2024-05-28 14:51:26,956 [INFO] JxBrowserEngine:152 - Initiate JxBrowser Engine with user profile folder
2024-05-28 14:51:26,999 [WARN] MainUpdater:1194 - Updater busy. Cannot search thirdparties
2024-05-28 14:51:26,999 [INFO] ThirdPartyUpdaterWithRetryManager:96 - Updater plugin is busy. [1/15]
2024-05-28 14:51:27,091 [INFO] CheckServerUpdateThread:120 - End of CheckServer Thread
2024-05-28 14:51:27,593 [INFO] WebApp:161 - Instantiating new browser for Auth
2024-05-28 14:51:28,017 [INFO] WebApp:780 - Register for checkConnection events
2024-05-28 14:51:28,017 [INFO] WebApp:414 - Apply proxy settings
2024-05-28 14:51:28,017 [INFO] WebApp:499 - Chromium requires no authentication
2024-05-28 14:51:28,025 [INFO] WebApp:442 - Direct internet connection detected
2024-05-28 14:51:28,126 [INFO] WebApp:192 - Starting web application
2024-05-28 14:51:28,126 [INFO] WebApp:544 - Web application path used C:\ST\STM32CubeIDE_1.14.1\STM32CubeIDE\plugins\com.st.stm32cube.common.mx_6.10.0.202311202037\db\plugins\mcufinder\reactClient1\index.html
2024-05-28 14:51:30,152 [WARN] PackLoader:240 - Cannot read IP mode file for STMicroelectronics.FP-SNS-MOTENVWB1.1.4.0
2024-05-28 14:51:30,163 [WARN] PackLoader:240 - Cannot read IP mode file for STMicroelectronics.X-CUBE-SMBUS.2.1.0
2024-05-28 14:51:30,167 [WARN] PackLoader:240 - Cannot read IP mode file for STMicroelectronics.X-CUBE-TOUCHGFX.4.23.1
2024-05-28 14:51:30,170 [WARN] PackLoader:240 - Cannot read IP mode file for STMicroelectronics.X-CUBE-TOUCHGFX.4.23.0
2024-05-28 14:51:30,172 [WARN] PackLoader:240 - Cannot read IP mode file for STMicroelectronics.X-CUBE-TOUCHGFX.4.23.2
2024-05-28 14:51:30,202 [WARN] PackLoader:240 - Cannot read IP mode file for STMicroelectronics.X-CUBE-AZRTOS-F7.1.1.0
2024-05-28 14:51:30,213 [WARN] PackLoader:240 - Cannot read IP mode file for STMicroelectronics.FP-SNS-MOTENV1.4.3.2
2024-05-28 14:51:30,220 [WARN] PackLoader:240 - Cannot read IP mode file for STMicroelectronics.FP-SNS-FLIGHT1.5.0.2
2024-05-28 14:51:30,231 [WARN] PackLoader:240 - Cannot read IP mode file for STMicroelectronics.X-CUBE-DISPLAY.3.0.0
2024-05-28 14:51:30,244 [WARN] PackLoader:240 - Cannot read IP mode file for STMicroelectronics.X-CUBE-BLE1.7.0.0
2024-05-28 14:51:30,250 [WARN] PackLoader:240 - Cannot read IP mode file for emotas.I-CUBE-CANOPEN.1.3.0
2024-05-28 14:51:30,257 [WARN] PackLoader:240 - Cannot read IP mode file for STMicroelectronics.FP-SNS-SMARTAG2.1.2.0
2024-05-28 14:51:30,270 [INFO] LogOutputStream:77 - [STDOUT_REDIRECT] 1 : Invalid condition id : UX_CORESTACK_Condition cause : null
2024-05-28 14:51:30,271 [INFO] LogOutputStream:77 - [STDOUT_REDIRECT] 1 : Invalid condition id : UX_CORESTACK_Condition cause : null
2024-05-28 14:51:30,272 [INFO] LogOutputStream:77 - [STDOUT_REDIRECT] 1 : Invalid condition id : UX_CORESTACK_Condition cause : null
2024-05-28 14:51:30,274 [INFO] LogOutputStream:77 - [STDOUT_REDIRECT] 1 : Invalid condition id : UX_CORESTACK_Condition cause : null
2024-05-28 14:51:30,276 [INFO] LogOutputStream:77 - [STDOUT_REDIRECT] 1 : Invalid condition id : UX_CORESTACK_Condition cause : null
2024-05-28 14:51:30,282 [WARN] PackLoader:240 - Cannot read IP mode file for STMicroelectronics.X-CUBE-AZRTOS-WL.2.0.0
2024-05-28 14:51:30,289 [WARN] PackLoader:240 - Cannot read IP mode file for STMicroelectronics.FP-SNS-MOTENV1.5.0.0
2024-05-28 14:51:30,301 [WARN] PackLoader:240 - Cannot read IP mode file for WES.I-CUBE-Cesium.1.3.0
2024-05-28 14:51:30,308 [WARN] PackLoader:240 - Cannot read IP mode file for STMicroelectronics.X-CUBE-BLE2.3.3.0
2024-05-28 14:51:30,315 [WARN] PackLoader:240 - Cannot read IP mode file for STMicroelectronics.X-CUBE-TCPP.4.1.0
2024-05-28 14:51:30,324 [WARN] PackLoader:240 - Cannot read IP mode file for STMicroelectronics.X-CUBE-ALGOBUILD.1.3.0
2024-05-28 14:51:30,346 [WARN] PackLoader:240 - Cannot read IP mode file for STMicroelectronics.X-CUBE-AZRTOS-G0.1.1.0
2024-05-28 14:51:30,357 [WARN] PackLoader:240 - Cannot read IP mode file for STMicroelectronics.X-CUBE-SAFEA1.1.2.2
2024-05-28 14:51:30,366 [WARN] PackLoader:240 - Cannot read IP mode file for STMicroelectronics.X-CUBE-NFC4.3.0.0
2024-05-28 14:51:30,371 [WARN] PackLoader:240 - Cannot read IP mode file for STMicroelectronics.FP-ATR-SIGFOX1.3.2.0
2024-05-28 14:51:30,415 [WARN] PackLoader:240 - Cannot read IP mode file for SEGGER.I-CUBE-embOS.1.3.1
2024-05-28 14:51:30,501 [WARN] PackLoader:240 - Cannot read IP mode file for STMicroelectronics.X-CUBE-ALGOBUILD.1.4.0
2024-05-28 14:51:30,509 [WARN] PackLoader:240 - Cannot read IP mode file for STMicroelectronics.X-CUBE-GNSS1.6.0.0
2024-05-28 14:51:30,547 [WARN] PackLoader:240 - Cannot read IP mode file for STMicroelectronics.X-CUBE-AZRTOS-F4.1.1.0
2024-05-28 14:51:30,559 [WARN] PackLoader:240 - Cannot read IP mode file for STMicroelectronics.X-CUBE-FREERTOS.1.2.0
2024-05-28 14:51:30,565 [WARN] PackLoader:240 - Cannot read IP mode file for wolfSSL.I-CUBE-wolfSSL.5.6.6
2024-05-28 14:51:30,583 [WARN] PackLoader:240 - Cannot read IP mode file for STMicroelectronics.X-CUBE-AZRTOS-L5.2.0.0
2024-05-28 14:51:30,596 [WARN] PackLoader:240 - Cannot read IP mode file for STMicroelectronics.X-CUBE-NFC6.3.1.0
2024-05-28 14:51:30,604 [WARN] PackLoader:240 - Cannot read IP mode file for ITTIA_DB.I-CUBE-ITTIADB.8.8.0
2024-05-28 14:51:30,609 [WARN] PackLoader:240 - Cannot read IP mode file for STMicroelectronics.X-CUBE-AI.9.0.0
2024-05-28 14:51:30,614 [WARN] PackLoader:240 - Cannot read IP mode file for STMicroelectronics.X-CUBE-NFC7.1.0.1
2024-05-28 14:51:30,620 [WARN] PackLoader:240 - Cannot read IP mode file for STMicroelectronics.X-CUBE-NFC6.3.0.0
2024-05-28 14:51:30,626 [WARN] PackLoader:240 - Cannot read IP mode file for STMicroelectronics.X-CUBE-AI.8.1.0
2024-05-28 14:51:30,645 [WARN] ConditionMgr:438 - getConditionDescription Invalid condition id : LAN8742 Phy interface Condition cause : null
2024-05-28 14:51:30,645 [WARN] PackLoader:240 - Cannot read IP mode file for STMicroelectronics.X-CUBE-AZRTOS-L4.2.0.0
2024-05-28 14:51:30,646 [WARN] ConditionMgr:1039 - genDependencies : Invalid condition id : LAN8742 Phy interface Condition cause : null
2024-05-28 14:51:30,647 [WARN] ConditionMgr:1039 - genDependencies : Invalid condition id : LAN8742 Phy interface Condition cause : null
2024-05-28 14:51:30,647 [WARN] ConditionMgr:1039 - genDependencies : Invalid condition id : LAN8742 Phy interface Condition cause : null
2024-05-28 14:51:30,654 [WARN] PackLoader:240 - Cannot read IP mode file for STMicroelectronics.X-CUBE-SFXS2LP1.4.0.0
2024-05-28 14:51:30,721 [WARN] ConditionMgr:438 - getConditionDescription Invalid condition id : UX DEVICE CLASS RTOS Condition cause : null
2024-05-28 14:51:30,721 [WARN] ConditionMgr:438 - getConditionDescription Invalid condition id : UX DEVICE CLASS RTOS Condition cause : null
2024-05-28 14:51:30,724 [WARN] PackLoader:240 - Cannot read IP mode file for STMicroelectronics.X-CUBE-AZRTOS-WB.2.0.0
2024-05-28 14:51:30,725 [WARN] ConditionMgr:1039 - genDependencies : Invalid condition id : UX DEVICE CLASS RTOS Condition cause : null
2024-05-28 14:51:30,725 [WARN] ConditionMgr:1039 - genDependencies : Invalid condition id : UX DEVICE CLASS RTOS Condition cause : null
2024-05-28 14:51:30,725 [WARN] ConditionMgr:1039 - genDependencies : Invalid condition id : UX DEVICE CLASS RTOS Condition cause : null
2024-05-28 14:51:30,726 [WARN] ConditionMgr:1039 - genDependencies : Invalid condition id : UX DEVICE CLASS RTOS Condition cause : null
2024-05-28 14:51:30,726 [WARN] ConditionMgr:1039 - genDependencies : Invalid condition id : UX DEVICE CLASS RTOS Condition cause : null
2024-05-28 14:51:30,734 [WARN] PackLoader:240 - Cannot read IP mode file for STMicroelectronics.X-CUBE-SUBG2.5.0.0
2024-05-28 14:51:30,757 [WARN] PackLoader:240 - Cannot read IP mode file for STMicroelectronics.X-CUBE-AZRTOS-G4.2.0.0
2024-05-28 14:51:30,768 [WARN] PackLoader:240 - Cannot read IP mode file for Infineon.AIROC-Wi-Fi-Bluetooth-STM32.1.5.1
2024-05-28 14:51:30,776 [WARN] PackLoader:240 - Cannot read IP mode file for STMicroelectronics.FP-SNS-MOTENVWB1.1.3.1
2024-05-28 14:51:30,781 [WARN] PackLoader:240 - Cannot read IP mode file for STMicroelectronics.X-CUBE-ALS.1.0.2
2024-05-28 14:51:30,834 [WARN] PackLoader:240 - Cannot read IP mode file for STMicroelectronics.X-CUBE-MEMS1.10.0.0
2024-05-28 14:51:30,979 [WARN] PackLoader:240 - Cannot read IP mode file for STMicroelectronics.X-CUBE-FREERTOS.1.1.0
2024-05-28 14:51:30,985 [WARN] PackLoader:240 - Cannot read IP mode file for portGmbH.I-Cube-SoM-uGOAL.1.1.0
2024-05-28 14:51:30,989 [WARN] PackLoader:240 - Cannot read IP mode file for STMicroelectronics.X-CUBE-ALS.1.0.1
2024-05-28 14:51:31,006 [WARN] PackLoader:240 - Cannot read IP mode file for STMicroelectronics.X-CUBE-AZRTOS-H7RS.1.0.0
2024-05-28 14:51:31,013 [WARN] PackLoader:240 - Cannot read IP mode file for STMicroelectronics.FP-ATR-ASTRA1.2.0.0
2024-05-28 14:51:31,024 [WARN] PackLoader:240 - Cannot read IP mode file for STMicroelectronics.X-CUBE-TOF1.3.4.0
2024-05-28 14:51:31,047 [WARN] PackLoader:240 - Cannot read IP mode file for STMicroelectronics.X-CUBE-TOF1.3.4.1
2024-05-28 14:51:31,076 [WARN] PackLoader:240 - Cannot read IP mode file for STMicroelectronics.X-CUBE-AZRTOS-H7.3.2.0
2024-05-28 14:51:31,080 [INFO] ThirdParty:978 - Integrity check success = true
2024-05-28 14:51:31,080 [INFO] IntegrityCheckThread:100 - exiting critical section [integrity check]
2024-05-28 14:51:31,080 [INFO] IntegrityCheckThread:103 - End integrity checks thread
